[1704959281.639][INFO]: Starting ChromeDriver 120.0.6099.109 (3419140ab665596f21b385ce136419fde0924272-refs/branch-heads/6099@{#1483}) on port 37711
[1704959281.639][INFO]: Please see https://chromedriver.chromium.org/security-considerations for suggestions on keeping ChromeDriver safe.
[1704959281.799][INFO]: [382ff6e5a2ecb50f9317a71add5d568b] COMMAND InitSession {
   "capabilities": {
      "firstMatch": [ {
         "browserName": "chrome",
         "goog:chromeOptions": {
            "args": [  ],
            "debuggerAddress": "127.0.0.1:9222",
            "extensions": [  ]
         },
         "goog:loggingPrefs": {
            "browser": "INFO",
            "driver": "ALL"
         }
      } ]
   }
}
[1704959281.811][INFO]: [382ff6e5a2ecb50f9317a71add5d568b] RESPONSE InitSession {
   "capabilities": {
      "acceptInsecureCerts": false,
      "browserName": "chrome",
      "browserVersion": "120.0.6099.201",
      "chrome": {
         "chromedriverVersion": "120.0.6099.109 (3419140ab665596f21b385ce136419fde0924272-refs/branch-heads/6099@{#1483})"
      },
      "fedcm:accounts": true,
      "goog:chromeOptions": {
         "debuggerAddress": "127.0.0.1:9222"
      },
      "pageLoadStrategy": "normal",
      "platformName": "",
      "proxy": {
      },
      "setWindowRect": false,
      "strictFileInteractability": false,
      "timeouts": {
         "implicit": 0,
         "pageLoad": 300000,
         "script": 30000
      },
      "unhandledPromptBehavior": "dismiss and notify",
      "webauthn:extension:credBlob": true,
      "webauthn:extension:largeBlob": true,
      "webauthn:extension:minPinLength": true,
      "webauthn:extension:prf": true,
      "webauthn:virtualAuthenticators": true
   },
   "sessionId": "382ff6e5a2ecb50f9317a71add5d568b"
}
[1704959281.916][INFO]: [382ff6e5a2ecb50f9317a71add5d568b] COMMAND MaximizeWindow {
}
[1704959281.916][INFO]: Waiting for pending navigations...
[1704959281.918][INFO]: Done waiting for pending navigations. Status: ok
[1704959281.919][INFO]: Waiting for pending navigations...
[1704959281.919][INFO]: Done waiting for pending navigations. Status: ok
[1704959281.919][INFO]: [382ff6e5a2ecb50f9317a71add5d568b] RESPONSE MaximizeWindow {
   "height": 818,
   "width": 1496,
   "x": -6,
   "y": -6
}
[1704959281.923][INFO]: [382ff6e5a2ecb50f9317a71add5d568b] COMMAND Navigate {
   "url": "https://calendar.google.com/"
}
[1704959281.923][INFO]: Waiting for pending navigations...
[1704959281.923][INFO]: Done waiting for pending navigations. Status: ok
[1704959282.612][INFO]: Waiting for pending navigations...
[1704959283.765][INFO]: Done waiting for pending navigations. Status: ok
[1704959283.765][INFO]: [382ff6e5a2ecb50f9317a71add5d568b] RESPONSE Navigate
[1704959283.770][INFO]: [382ff6e5a2ecb50f9317a71add5d568b] COMMAND GetUrl {
}
[1704959283.770][INFO]: Waiting for pending navigations...
[1704959283.771][INFO]: Done waiting for pending navigations. Status: ok
[1704959283.831][INFO]: Waiting for pending navigations...
[1704959283.841][INFO]: Done waiting for pending navigations. Status: ok
[1704959283.842][INFO]: [382ff6e5a2ecb50f9317a71add5d568b] RESPONSE GetUrl "https://calendar.google.com/calendar/u/0/r"
[1704959283.845][INFO]: [382ff6e5a2ecb50f9317a71add5d568b] COMMAND FindElement {
   "using": "xpath",
   "value": "//button[@jsname='jnPWCc']"
}
[1704959283.845][INFO]: Waiting for pending navigations...
[1704959283.851][INFO]: Done waiting for pending navigations. Status: ok
[1704959283.864][INFO]: Waiting for pending navigations...
[1704959283.866][INFO]: Done waiting for pending navigations. Status: ok
[1704959283.866][INFO]: [382ff6e5a2ecb50f9317a71add5d568b] RESPONSE FindElement {
   "element-6066-11e4-a52e-4f735466cecf": "A1CB183D797A36C89A30AB2209664930_element_32"
}
[1704959283.870][INFO]: [382ff6e5a2ecb50f9317a71add5d568b] COMMAND ClickElement {
   "id": "A1CB183D797A36C89A30AB2209664930_element_32"
}
[1704959283.870][INFO]: Waiting for pending navigations...
[1704959283.871][INFO]: Done waiting for pending navigations. Status: ok
[1704959283.919][INFO]: Waiting for pending navigations...
[1704959283.923][INFO]: Done waiting for pending navigations. Status: ok
[1704959283.923][INFO]: [382ff6e5a2ecb50f9317a71add5d568b] RESPONSE ClickElement
[1704959284.934][INFO]: [382ff6e5a2ecb50f9317a71add5d568b] COMMAND FindElement {
   "using": "xpath",
   "value": "//span[text()='Month']"
}
[1704959284.934][INFO]: Waiting for pending navigations...
[1704959284.935][INFO]: Done waiting for pending navigations. Status: ok
[1704959284.943][INFO]: Waiting for pending navigations...
[1704959284.944][INFO]: Done waiting for pending navigations. Status: ok
[1704959284.944][INFO]: [382ff6e5a2ecb50f9317a71add5d568b] RESPONSE FindElement {
   "element-6066-11e4-a52e-4f735466cecf": "A1CB183D797A36C89A30AB2209664930_element_44"
}
[1704959284.947][INFO]: [382ff6e5a2ecb50f9317a71add5d568b] COMMAND ClickElement {
   "id": "A1CB183D797A36C89A30AB2209664930_element_44"
}
[1704959284.947][INFO]: Waiting for pending navigations...
[1704959284.947][INFO]: Done waiting for pending navigations. Status: ok
[1704959284.979][INFO]: Waiting for pending navigations...
[1704959284.983][INFO]: Done waiting for pending navigations. Status: ok
[1704959284.983][INFO]: [382ff6e5a2ecb50f9317a71add5d568b] RESPONSE ClickElement
[1704959286.992][INFO]: [382ff6e5a2ecb50f9317a71add5d568b] COMMAND FindElement {
   "using": "xpath",
   "value": "//div/div/button[@aria-haspopup='menu']/span[@class='VfPpkd-vQzf8d']"
}
[1704959286.992][INFO]: Waiting for pending navigations...
[1704959286.992][INFO]: Done waiting for pending navigations. Status: ok
[1704959286.998][INFO]: Waiting for pending navigations...
[1704959286.999][INFO]: Done waiting for pending navigations. Status: ok
[1704959286.999][INFO]: [382ff6e5a2ecb50f9317a71add5d568b] RESPONSE FindElement {
   "element-6066-11e4-a52e-4f735466cecf": "A1CB183D797A36C89A30AB2209664930_element_50"
}
[1704959287.001][INFO]: [382ff6e5a2ecb50f9317a71add5d568b] COMMAND GetElementText {
   "id": "A1CB183D797A36C89A30AB2209664930_element_50"
}
[1704959287.001][INFO]: Waiting for pending navigations...
[1704959287.001][INFO]: Done waiting for pending navigations. Status: ok
[1704959287.008][INFO]: Waiting for pending navigations...
[1704959287.008][INFO]: Done waiting for pending navigations. Status: ok
[1704959287.008][INFO]: [382ff6e5a2ecb50f9317a71add5d568b] RESPONSE GetElementText "Month"
[1704959287.011][INFO]: [382ff6e5a2ecb50f9317a71add5d568b] COMMAND FindElement {
   "using": "xpath",
   "value": "//div[@data-datekey='27692']"
}
[1704959287.011][INFO]: Waiting for pending navigations...
[1704959287.011][INFO]: Done waiting for pending navigations. Status: ok
[1704959287.017][INFO]: Waiting for pending navigations...
[1704959287.017][INFO]: Done waiting for pending navigations. Status: ok
[1704959287.017][INFO]: [382ff6e5a2ecb50f9317a71add5d568b] RESPONSE FindElement {
   "element-6066-11e4-a52e-4f735466cecf": "A1CB183D797A36C89A30AB2209664930_element_51"
}
[1704959287.019][INFO]: [382ff6e5a2ecb50f9317a71add5d568b] COMMAND ClickElement {
   "id": "A1CB183D797A36C89A30AB2209664930_element_51"
}
[1704959287.019][INFO]: Waiting for pending navigations...
[1704959287.019][INFO]: Done waiting for pending navigations. Status: ok
[1704959287.047][INFO]: Waiting for pending navigations...
[1704959287.049][INFO]: Done waiting for pending navigations. Status: ok
[1704959287.049][INFO]: [382ff6e5a2ecb50f9317a71add5d568b] RESPONSE ClickElement
[1704959288.062][INFO]: [382ff6e5a2ecb50f9317a71add5d568b] COMMAND FindElement {
   "using": "xpath",
   "value": "//div[text()='Task' and @class='x5FT4e kkUTBb']"
}
[1704959288.062][INFO]: Waiting for pending navigations...
[1704959288.063][INFO]: Done waiting for pending navigations. Status: ok
[1704959288.070][INFO]: Waiting for pending navigations...
[1704959288.070][INFO]: Done waiting for pending navigations. Status: ok
[1704959288.070][INFO]: [382ff6e5a2ecb50f9317a71add5d568b] RESPONSE FindElement {
   "element-6066-11e4-a52e-4f735466cecf": "A1CB183D797A36C89A30AB2209664930_element_72"
}
[1704959288.073][INFO]: [382ff6e5a2ecb50f9317a71add5d568b] COMMAND ClickElement {
   "id": "A1CB183D797A36C89A30AB2209664930_element_72"
}
[1704959288.073][INFO]: Waiting for pending navigations...
[1704959288.073][INFO]: Done waiting for pending navigations. Status: ok
[1704959288.108][INFO]: Waiting for pending navigations...
[1704959288.127][INFO]: Done waiting for pending navigations. Status: ok
[1704959288.127][INFO]: [382ff6e5a2ecb50f9317a71add5d568b] RESPONSE ClickElement
[1704959289.134][INFO]: [382ff6e5a2ecb50f9317a71add5d568b] COMMAND FindElement {
   "using": "xpath",
   "value": "//input[@aria-label='Add title and time']"
}
[1704959289.134][INFO]: Waiting for pending navigations...
[1704959289.135][INFO]: Done waiting for pending navigations. Status: ok
[1704959289.142][INFO]: Waiting for pending navigations...
[1704959289.142][INFO]: Done waiting for pending navigations. Status: ok
[1704959289.142][INFO]: [382ff6e5a2ecb50f9317a71add5d568b] RESPONSE FindElement {
   "element-6066-11e4-a52e-4f735466cecf": "A1CB183D797A36C89A30AB2209664930_element_59"
}
[1704959289.146][INFO]: [382ff6e5a2ecb50f9317a71add5d568b] COMMAND TypeElement {
   "id": "A1CB183D797A36C89A30AB2209664930_element_59",
   "text": "Crio INTV Task Automation",
   "value": [ "C", "r", "i", "o", " ", "I", "N", "T", "V", " ", "T", "a", "s", "k", " ", "A", "u", "t", "o", "m", "a", "t", "i", "o", "n" ]
}
[1704959289.146][INFO]: Waiting for pending navigations...
[1704959289.147][INFO]: Done waiting for pending navigations. Status: ok
[1704959289.208][INFO]: Waiting for pending navigations...
[1704959289.212][INFO]: Done waiting for pending navigations. Status: ok
[1704959289.212][INFO]: [382ff6e5a2ecb50f9317a71add5d568b] RESPONSE TypeElement
[1704959291.226][INFO]: [382ff6e5a2ecb50f9317a71add5d568b] COMMAND FindElement {
   "using": "xpath",
   "value": "//textarea[@placeholder='Add description']"
}
[1704959291.226][INFO]: Waiting for pending navigations...
[1704959291.227][INFO]: Done waiting for pending navigations. Status: ok
[1704959291.234][INFO]: Waiting for pending navigations...
[1704959291.234][INFO]: Done waiting for pending navigations. Status: ok
[1704959291.234][INFO]: [382ff6e5a2ecb50f9317a71add5d568b] RESPONSE FindElement {
   "element-6066-11e4-a52e-4f735466cecf": "A1CB183D797A36C89A30AB2209664930_element_70"
}
[1704959291.237][INFO]: [382ff6e5a2ecb50f9317a71add5d568b] COMMAND ClickElement {
   "id": "A1CB183D797A36C89A30AB2209664930_element_70"
}
[1704959291.237][INFO]: Waiting for pending navigations...
[1704959291.237][INFO]: Done waiting for pending navigations. Status: ok
[1704959291.273][INFO]: Waiting for pending navigations...
[1704959291.285][INFO]: Done waiting for pending navigations. Status: ok
[1704959291.285][INFO]: [382ff6e5a2ecb50f9317a71add5d568b] RESPONSE ClickElement
[1704959291.289][INFO]: [382ff6e5a2ecb50f9317a71add5d568b] COMMAND TypeElement {
   "id": "A1CB183D797A36C89A30AB2209664930_element_70",
   "text": "Crio INTV Calendar Task Automation",
   "value": [ "C", "r", "i", "o", " ", "I", "N", "T", "V", " ", "C", "a", "l", "e", "n", "d", "a", "r", " ", "T", "a", "s", "k", " ", "A", "u", "t", "o", "m", "a", "t", "i", "o", "n" ]
}
[1704959291.289][INFO]: Waiting for pending navigations...
[1704959291.291][INFO]: Done waiting for pending navigations. Status: ok
[1704959291.359][INFO]: Waiting for pending navigations...
[1704959291.363][INFO]: Done waiting for pending navigations. Status: ok
[1704959291.363][INFO]: [382ff6e5a2ecb50f9317a71add5d568b] RESPONSE TypeElement
[1704959295.372][INFO]: [382ff6e5a2ecb50f9317a71add5d568b] COMMAND FindElement {
   "using": "xpath",
   "value": "//button[@jsname='x8hlje']"
}
[1704959295.372][INFO]: Waiting for pending navigations...
[1704959295.373][INFO]: Done waiting for pending navigations. Status: ok
[1704959295.380][INFO]: Waiting for pending navigations...
[1704959295.380][INFO]: Done waiting for pending navigations. Status: ok
[1704959295.380][INFO]: [382ff6e5a2ecb50f9317a71add5d568b] RESPONSE FindElement {
   "element-6066-11e4-a52e-4f735466cecf": "A1CB183D797A36C89A30AB2209664930_element_97"
}
[1704959295.383][INFO]: [382ff6e5a2ecb50f9317a71add5d568b] COMMAND ClickElement {
   "id": "A1CB183D797A36C89A30AB2209664930_element_97"
}
[1704959295.383][INFO]: Waiting for pending navigations...
[1704959295.383][INFO]: Done waiting for pending navigations. Status: ok
[1704959295.427][INFO]: Waiting for pending navigations...
[1704959295.456][INFO]: Done waiting for pending navigations. Status: ok
[1704959295.456][INFO]: [382ff6e5a2ecb50f9317a71add5d568b] RESPONSE ClickElement
[1704959295.459][INFO]: [382ff6e5a2ecb50f9317a71add5d568b] COMMAND FindElement {
   "using": "xpath",
   "value": "//span[text()='Crio INTV Task Automation']"
}
[1704959295.459][INFO]: Waiting for pending navigations...
[1704959295.462][INFO]: Done waiting for pending navigations. Status: ok
[1704959295.471][INFO]: Waiting for pending navigations...
[1704959295.473][INFO]: Done waiting for pending navigations. Status: ok
[1704959295.473][INFO]: [382ff6e5a2ecb50f9317a71add5d568b] RESPONSE FindElement {
   "element-6066-11e4-a52e-4f735466cecf": "A1CB183D797A36C89A30AB2209664930_element_99"
}
[1704959295.475][INFO]: [382ff6e5a2ecb50f9317a71add5d568b] COMMAND ClickElement {
   "id": "A1CB183D797A36C89A30AB2209664930_element_99"
}
[1704959295.475][INFO]: Waiting for pending navigations...
[1704959295.476][INFO]: Done waiting for pending navigations. Status: ok
[1704959295.507][INFO]: Waiting for pending navigations...
[1704959295.521][INFO]: Done waiting for pending navigations. Status: ok
[1704959295.521][INFO]: [382ff6e5a2ecb50f9317a71add5d568b] RESPONSE ClickElement
[1704959296.535][INFO]: [382ff6e5a2ecb50f9317a71add5d568b] COMMAND FindElement {
   "using": "xpath",
   "value": "//button[@aria-label='Edit task']"
}
[1704959296.535][INFO]: Waiting for pending navigations...
[1704959296.536][INFO]: Done waiting for pending navigations. Status: ok
[1704959296.543][INFO]: Waiting for pending navigations...
[1704959296.543][INFO]: Done waiting for pending navigations. Status: ok
[1704959296.543][INFO]: [382ff6e5a2ecb50f9317a71add5d568b] RESPONSE FindElement {
   "element-6066-11e4-a52e-4f735466cecf": "A1CB183D797A36C89A30AB2209664930_element_103"
}
[1704959296.546][INFO]: [382ff6e5a2ecb50f9317a71add5d568b] COMMAND ClickElement {
   "id": "A1CB183D797A36C89A30AB2209664930_element_103"
}
[1704959296.546][INFO]: Waiting for pending navigations...
[1704959296.546][INFO]: Done waiting for pending navigations. Status: ok
[1704959296.588][INFO]: Waiting for pending navigations...
[1704959296.597][INFO]: Done waiting for pending navigations. Status: ok
[1704959296.597][INFO]: [382ff6e5a2ecb50f9317a71add5d568b] RESPONSE ClickElement
[1704959298.609][INFO]: [382ff6e5a2ecb50f9317a71add5d568b] COMMAND FindElement {
   "using": "xpath",
   "value": "//textarea[@placeholder='Add description']"
}
[1704959298.609][INFO]: Waiting for pending navigations...
[1704959298.611][INFO]: Done waiting for pending navigations. Status: ok
[1704959298.616][INFO]: Waiting for pending navigations...
[1704959298.616][INFO]: Done waiting for pending navigations. Status: ok
[1704959298.616][INFO]: [382ff6e5a2ecb50f9317a71add5d568b] RESPONSE FindElement {
   "element-6066-11e4-a52e-4f735466cecf": "A1CB183D797A36C89A30AB2209664930_element_112"
}
[1704959298.618][INFO]: [382ff6e5a2ecb50f9317a71add5d568b] COMMAND ClickElement {
   "id": "A1CB183D797A36C89A30AB2209664930_element_112"
}
[1704959298.618][INFO]: Waiting for pending navigations...
[1704959298.619][INFO]: Done waiting for pending navigations. Status: ok
[1704959298.641][INFO]: Waiting for pending navigations...
[1704959298.642][INFO]: Done waiting for pending navigations. Status: ok
[1704959298.642][INFO]: [382ff6e5a2ecb50f9317a71add5d568b] RESPONSE ClickElement
[1704959298.645][INFO]: [382ff6e5a2ecb50f9317a71add5d568b] COMMAND ClearElement {
   "id": "A1CB183D797A36C89A30AB2209664930_element_112"
}
[1704959298.646][INFO]: Waiting for pending navigations...
[1704959298.646][INFO]: Done waiting for pending navigations. Status: ok
[1704959298.654][INFO]: 
	=== NOTE: ===
	The Clear command in ChromeDriver 2.43 and above
	has been updated to conform to the current standard,
	including raising blur event after clearing.

[1704959298.662][INFO]: Waiting for pending navigations...
[1704959298.663][INFO]: Done waiting for pending navigations. Status: ok
[1704959298.663][INFO]: [382ff6e5a2ecb50f9317a71add5d568b] RESPONSE ClearElement
[1704959298.666][INFO]: [382ff6e5a2ecb50f9317a71add5d568b] COMMAND TypeElement {
   "id": "A1CB183D797A36C89A30AB2209664930_element_112",
   "text": "Crio INTV Task Automation is a test suite designed for automating various tasks on the Google Calendar web application",
   "value": [ "C", "r", "i", "o", " ", "I", "N", "T", "V", " ", "T", "a", "s", "k", " ", "A", "u", "t", "o", "m", "a", "t", "i", "o", "n", " ", "i", "s", " ", "a", " ", "t", "e", "s", "t", " ", "s", "u", "i", "t", "e", " ", "d", "e", "s", "i", "g", "n", "e", "d", " ", "f", "o", "r", " ", "a", "u", "t", "o", "m", "a", "t", "i", "n", "g", " ", "v", "a", "r", "i", "o", "u", "s", " ", "t", "a", "s", "k", "s", " ", "o", "n", " ", "t", "h", "e", " ", "G", "o", "o", "g", "l", "e", " ", "C", "a", "l", "e", "n", "d", "a", "r", " ", "w", "e", "b", " ", "a", "p", "p", "l", "i", "c", "a", "t", "i", "o", "n" ]
}
[1704959298.666][INFO]: Waiting for pending navigations...
[1704959298.667][INFO]: Done waiting for pending navigations. Status: ok
[1704959298.847][INFO]: Waiting for pending navigations...
[1704959298.852][INFO]: Done waiting for pending navigations. Status: ok
[1704959298.852][INFO]: [382ff6e5a2ecb50f9317a71add5d568b] RESPONSE TypeElement
[1704959299.867][INFO]: [382ff6e5a2ecb50f9317a71add5d568b] COMMAND FindElement {
   "using": "xpath",
   "value": "//button[@jsname='x8hlje']"
}
[1704959299.867][INFO]: Waiting for pending navigations...
[1704959299.868][INFO]: Done waiting for pending navigations. Status: ok
[1704959299.872][INFO]: Waiting for pending navigations...
[1704959299.872][INFO]: Done waiting for pending navigations. Status: ok
[1704959299.872][INFO]: [382ff6e5a2ecb50f9317a71add5d568b] RESPONSE FindElement {
   "element-6066-11e4-a52e-4f735466cecf": "A1CB183D797A36C89A30AB2209664930_element_118"
}
[1704959299.875][INFO]: [382ff6e5a2ecb50f9317a71add5d568b] COMMAND ClickElement {
   "id": "A1CB183D797A36C89A30AB2209664930_element_118"
}
[1704959299.875][INFO]: Waiting for pending navigations...
[1704959299.875][INFO]: Done waiting for pending navigations. Status: ok
[1704959299.901][INFO]: Waiting for pending navigations...
[1704959299.903][INFO]: Done waiting for pending navigations. Status: ok
[1704959299.903][INFO]: [382ff6e5a2ecb50f9317a71add5d568b] RESPONSE ClickElement
[1704959300.913][INFO]: [382ff6e5a2ecb50f9317a71add5d568b] COMMAND FindElement {
   "using": "xpath",
   "value": "//span[text()='Crio INTV Task Automation']"
}
[1704959300.913][INFO]: Waiting for pending navigations...
[1704959300.914][INFO]: Done waiting for pending navigations. Status: ok
[1704959300.918][INFO]: Waiting for pending navigations...
[1704959300.919][INFO]: Done waiting for pending navigations. Status: ok
[1704959300.919][INFO]: [382ff6e5a2ecb50f9317a71add5d568b] RESPONSE FindElement {
   "element-6066-11e4-a52e-4f735466cecf": "A1CB183D797A36C89A30AB2209664930_element_99"
}
[1704959300.921][INFO]: [382ff6e5a2ecb50f9317a71add5d568b] COMMAND ClickElement {
   "id": "A1CB183D797A36C89A30AB2209664930_element_99"
}
[1704959300.921][INFO]: Waiting for pending navigations...
[1704959300.922][INFO]: Done waiting for pending navigations. Status: ok
[1704959300.946][INFO]: Waiting for pending navigations...
[1704959300.957][INFO]: Done waiting for pending navigations. Status: ok
[1704959300.957][INFO]: [382ff6e5a2ecb50f9317a71add5d568b] RESPONSE ClickElement
[1704959300.960][INFO]: [382ff6e5a2ecb50f9317a71add5d568b] COMMAND FindElement {
   "using": "xpath",
   "value": "//div[@class='toUqff D29CYb']"
}
[1704959300.960][INFO]: Waiting for pending navigations...
[1704959300.961][INFO]: Done waiting for pending navigations. Status: ok
[1704959300.967][INFO]: Waiting for pending navigations...
[1704959300.968][INFO]: Done waiting for pending navigations. Status: ok
[1704959300.968][INFO]: [382ff6e5a2ecb50f9317a71add5d568b] RESPONSE FindElement {
   "element-6066-11e4-a52e-4f735466cecf": "A1CB183D797A36C89A30AB2209664930_element_119"
}
[1704959300.970][INFO]: [382ff6e5a2ecb50f9317a71add5d568b] COMMAND GetElementText {
   "id": "A1CB183D797A36C89A30AB2209664930_element_119"
}
[1704959300.970][INFO]: Waiting for pending navigations...
[1704959300.970][INFO]: Done waiting for pending navigations. Status: ok
[1704959300.975][INFO]: Waiting for pending navigations...
[1704959300.975][INFO]: Done waiting for pending navigations. Status: ok
[1704959300.975][INFO]: [382ff6e5a2ecb50f9317a71add5d568b] RESPONSE GetElementText "Description:\nCrio INTV Task Automation is a test suite designed for automating various tasks on the Google Calendar web application"
[1704959300.977][INFO]: [382ff6e5a2ecb50f9317a71add5d568b] COMMAND FindElement {
   "using": "xpath",
   "value": "//span[@id='rAECCd']"
}
[1704959300.977][INFO]: Waiting for pending navigations...
[1704959300.977][INFO]: Done waiting for pending navigations. Status: ok
[1704959300.983][INFO]: Waiting for pending navigations...
[1704959300.983][INFO]: Done waiting for pending navigations. Status: ok
[1704959300.983][INFO]: [382ff6e5a2ecb50f9317a71add5d568b] RESPONSE FindElement {
   "element-6066-11e4-a52e-4f735466cecf": "A1CB183D797A36C89A30AB2209664930_element_120"
}
[1704959300.985][INFO]: [382ff6e5a2ecb50f9317a71add5d568b] COMMAND GetElementText {
   "id": "A1CB183D797A36C89A30AB2209664930_element_120"
}
[1704959300.985][INFO]: Waiting for pending navigations...
[1704959300.985][INFO]: Done waiting for pending navigations. Status: ok
[1704959300.989][INFO]: Waiting for pending navigations...
[1704959300.989][INFO]: Done waiting for pending navigations. Status: ok
[1704959300.989][INFO]: [382ff6e5a2ecb50f9317a71add5d568b] RESPONSE GetElementText "Crio INTV Task Automation"
[1704959301.994][INFO]: [382ff6e5a2ecb50f9317a71add5d568b] COMMAND FindElement {
   "using": "xpath",
   "value": "//button[@aria-label='Delete task']"
}
[1704959301.994][INFO]: Waiting for pending navigations...
[1704959301.995][INFO]: Done waiting for pending navigations. Status: ok
[1704959302.002][INFO]: Waiting for pending navigations...
[1704959302.002][INFO]: Done waiting for pending navigations. Status: ok
[1704959302.002][INFO]: [382ff6e5a2ecb50f9317a71add5d568b] RESPONSE FindElement {
   "element-6066-11e4-a52e-4f735466cecf": "A1CB183D797A36C89A30AB2209664930_element_122"
}
[1704959302.005][INFO]: [382ff6e5a2ecb50f9317a71add5d568b] COMMAND ClickElement {
   "id": "A1CB183D797A36C89A30AB2209664930_element_122"
}
[1704959302.005][INFO]: Waiting for pending navigations...
[1704959302.006][INFO]: Done waiting for pending navigations. Status: ok
[1704959302.033][INFO]: Waiting for pending navigations...
[1704959302.046][INFO]: Done waiting for pending navigations. Status: ok
[1704959302.046][INFO]: [382ff6e5a2ecb50f9317a71add5d568b] RESPONSE ClickElement
[1704959303.054][INFO]: [382ff6e5a2ecb50f9317a71add5d568b] COMMAND FindElement {
   "using": "xpath",
   "value": "//div/div/div[text()='Task deleted']"
}
[1704959303.054][INFO]: Waiting for pending navigations...
[1704959303.055][INFO]: Done waiting for pending navigations. Status: ok
[1704959303.061][INFO]: Waiting for pending navigations...
[1704959303.062][INFO]: Done waiting for pending navigations. Status: ok
[1704959303.062][INFO]: [382ff6e5a2ecb50f9317a71add5d568b] RESPONSE FindElement {
   "element-6066-11e4-a52e-4f735466cecf": "A1CB183D797A36C89A30AB2209664930_element_123"
}
[1704959303.064][INFO]: [382ff6e5a2ecb50f9317a71add5d568b] COMMAND GetElementText {
   "id": "A1CB183D797A36C89A30AB2209664930_element_123"
}
[1704959303.064][INFO]: Waiting for pending navigations...
[1704959303.065][INFO]: Done waiting for pending navigations. Status: ok
[1704959303.069][INFO]: Waiting for pending navigations...
[1704959303.069][INFO]: Done waiting for pending navigations. Status: ok
[1704959303.069][INFO]: [382ff6e5a2ecb50f9317a71add5d568b] RESPONSE GetElementText "Task deleted"
[1704959305.086][INFO]: [382ff6e5a2ecb50f9317a71add5d568b] COMMAND CloseWindow {
}
[1704959305.144][INFO]: [382ff6e5a2ecb50f9317a71add5d568b] RESPONSE CloseWindow [  ]
